<?xml version="1.0" encoding="UTF-8"?>
<!-- Generated by org.testng.reporters.JUnitXMLReporter -->
<testsuite ignored="0" hostname="Ordinateur-portable-de-MARKETING.local" failures="0" tests="4" name="Cart" time="4.771" errors="0" timestamp="2026-07-18T15:07:37 UTC+01:00">
  <testcase classname="com.saucedemo.tests.CartTest" name="testContinueShopping" time="0.34"/>
  <testcase classname="com.saucedemo.tests.CartTest" name="testEmptyCart" time="0.265"/>
  <testcase classname="com.saucedemo.tests.CartTest" name="testProductInCart" time="0.291"/>
  <testcase classname="com.saucedemo.tests.CartTest" name="testRemoveItem" time="0.293"/>
</testsuite> <!-- Cart -->
