<?xml version="1.0" encoding="UTF-8"?>
<!-- Generated by org.testng.reporters.JUnitXMLReporter -->
<testsuite ignored="0" hostname="Ordinateur-portable-de-MARKETING.local" failures="0" tests="4" name="Checkout" time="5.613" errors="0" timestamp="2026-07-18T15:07:42 UTC+01:00">
  <testcase classname="com.saucedemo.tests.CheckoutTest" name="testCancelCheckout" time="0.442"/>
  <testcase classname="com.saucedemo.tests.CheckoutTest" name="testCompleteCheckout" time="0.523"/>
  <testcase classname="com.saucedemo.tests.CheckoutTest" name="testMissingFirstName" time="0.454"/>
  <testcase classname="com.saucedemo.tests.CheckoutTest" name="testOrderSummary" time="0.495"/>
</testsuite> <!-- Checkout -->
