<?xml version="1.0" encoding="UTF-8"?>
<!-- Generated by org.testng.reporters.JUnitXMLReporter -->
<testsuite ignored="0" hostname="Ordinateur-portable-de-MARKETING.local" failures="0" tests="5" name="Inventory" time="6.048" errors="0" timestamp="2026-07-18T15:07:32 UTC+01:00">
  <testcase classname="com.saucedemo.tests.InventoryTest" name="testAddOneProduct" time="0.351"/>
  <testcase classname="com.saucedemo.tests.InventoryTest" name="testAddThreeProducts" time="0.338"/>
  <testcase classname="com.saucedemo.tests.InventoryTest" name="testProductCount" time="0.247"/>
  <testcase classname="com.saucedemo.tests.InventoryTest" name="testSortNameDesc" time="0.289"/>
  <testcase classname="com.saucedemo.tests.InventoryTest" name="testSortPriceAsc" time="0.278"/>
</testsuite> <!-- Inventory -->
