<?xml version="1.0" encoding="UTF-8"?>
<!-- Generated by org.testng.reporters.JUnitXMLReporter -->
<testsuite ignored="0" hostname="Ordinateur-portable-de-MARKETING.local" failures="0" tests="5" name="Login" time="7.175" errors="0" timestamp="2026-07-18T15:07:26 UTC+01:00">
  <testcase classname="com.saucedemo.tests.LoginTest" name="testEmptyCredentials" time="0.246"/>
  <testcase classname="com.saucedemo.tests.LoginTest" name="testInvalidPassword" time="0.243"/>
  <testcase classname="com.saucedemo.tests.LoginTest" name="testLockedOutUser" time="0.232"/>
  <testcase classname="com.saucedemo.tests.LoginTest" name="testLogout" time="0.843"/>
  <testcase classname="com.saucedemo.tests.LoginTest" name="testValidLogin" time="0.231"/>
</testsuite> <!-- Login -->
