<?xml version="1.0" encoding="UTF-8"?>
<testsuite xmlns:xsi="http://www.w3.org/2001/XMLSchema-instance" xsi:noNamespaceSchemaLocation="https://maven.apache.org/surefire/maven-surefire-plugin/xsd/surefire-test-report-3.0.xsd" version="3.0" name="TestSuite" time="24.295" tests="18" errors="0" skipped="0" failures="0">
  <properties>
[...]
</properties>
  <testcase name="testEmptyCredentials" classname="com.saucedemo.tests.LoginTest" time="0.245">
    <system-out><![CDATA[15:07:19 INFO  com.saucedemo.tests.BaseTest - ===== START: testEmptyCredentials =====
15:07:19 INFO  com.saucedemo.utils.ConfigReader - Environnement : dev | Fichier : config.properties
15:07:20 INFO  com.saucedemo.utils.DriverManager - Driver chrome pret (headless=false).
15:07:20 INFO  com.saucedemo.base.BasePage - goto https://www.saucedemo.com
15:07:20 INFO  com.saucedemo.listeners.TestListener - >> START  testEmptyCredentials
15:07:21 INFO  com.saucedemo.listeners.TestListener - >> PASS   testEmptyCredentials
]]></system-out>
    <system-err><![CDATA[SLF4J(W): No SLF4J providers were found.
SLF4J(W): Defaulting to no-operation (NOP) logger implementation
SLF4J(W): See https://www.slf4j.org/codes.html#noProviders for further details.
juil. 18, 2026 3:07:20 P.M. org.openqa.selenium.devtools.CdpVersionFinder findNearestMatch
AVERTISSEMENT: Unable to find CDP implementation matching 150
juil. 18, 2026 3:07:20 P.M. org.openqa.selenium.chromium.ChromiumDriver lambda$new$5
AVERTISSEMENT: Unable to find version of CDP to use for 150.0.7871.128. You may need to include a dependency on a specific version of the CDP using something similar to `org.seleniumhq.selenium:selenium-devtools-v86:4.18.1` where the version ("v86") matches the version of the chromium-based browser you're using and the version number of the artifact is the same as Selenium's.
]]></system-err>
  </testcase>
  <testcase name="testInvalidPassword" classname="com.saucedemo.tests.LoginTest" time="0.244">
    <system-out><![CDATA[15:07:21 INFO  com.saucedemo.utils.DriverManager - Driver ferme.
15:07:21 INFO  com.saucedemo.tests.BaseTest - ===== START: testInvalidPassword =====
15:07:21 INFO  com.saucedemo.utils.DriverManager - Driver chrome pret (headless=false).
15:07:21 INFO  com.saucedemo.base.BasePage - goto https://www.saucedemo.com
15:07:21 INFO  com.saucedemo.listeners.TestListener - >> START  testInvalidPassword
15:07:22 INFO  com.saucedemo.listeners.TestListener - >> PASS   testInvalidPassword
]]></system-out>
    <system-err><![CDATA[juil. 18, 2026 3:07:21 P.M. org.openqa.selenium.devtools.CdpVersionFinder findNearestMatch
AVERTISSEMENT: Unable to find CDP implementation matching 150
juil. 18, 2026 3:07:21 P.M. org.openqa.selenium.chromium.ChromiumDriver lambda$new$5
AVERTISSEMENT: Unable to find version of CDP to use for 150.0.7871.128. You may need to include a dependency on a specific version of the CDP using something similar to `org.seleniumhq.selenium:selenium-devtools-v86:4.18.1` where the version ("v86") matches the version of the chromium-based browser you're using and the version number of the artifact is the same as Selenium's.
]]></system-err>
  </testcase>
  <testcase name="testLockedOutUser" classname="com.saucedemo.tests.LoginTest" time="0.231">
    <system-out><![CDATA[15:07:22 INFO  com.saucedemo.utils.DriverManager - Driver ferme.
15:07:22 INFO  com.saucedemo.tests.BaseTest - ===== START: testLockedOutUser =====
15:07:22 INFO  com.saucedemo.utils.DriverManager - Driver chrome pret (headless=false).
15:07:22 INFO  com.saucedemo.base.BasePage - goto https://www.saucedemo.com
15:07:23 INFO  com.saucedemo.listeners.TestListener - >> START  testLockedOutUser
15:07:23 INFO  com.saucedemo.listeners.TestListener - >> PASS   testLockedOutUser
]]></system-out>
    <system-err><![CDATA[juil. 18, 2026 3:07:22 P.M. org.openqa.selenium.devtools.CdpVersionFinder findNearestMatch
AVERTISSEMENT: Unable to find CDP implementation matching 150
juil. 18, 2026 3:07:22 P.M. org.openqa.selenium.chromium.ChromiumDriver lambda$new$5
AVERTISSEMENT: Unable to find version of CDP to use for 150.0.7871.128. You may need to include a dependency on a specific version of the CDP using something similar to `org.seleniumhq.selenium:selenium-devtools-v86:4.18.1` where the version ("v86") matches the version of the chromium-based browser you're using and the version number of the artifact is the same as Selenium's.
]]></system-err>
  </testcase>
  <testcase name="testLogout" classname="com.saucedemo.tests.LoginTest" time="0.842">
    <system-out><![CDATA[15:07:23 INFO  com.saucedemo.utils.DriverManager - Driver ferme.
15:07:23 INFO  com.saucedemo.tests.BaseTest - ===== START: testLogout =====
15:07:23 INFO  com.saucedemo.utils.DriverManager - Driver chrome pret (headless=false).
15:07:23 INFO  com.saucedemo.base.BasePage - goto https://www.saucedemo.com
15:07:24 INFO  com.saucedemo.listeners.TestListener - >> START  testLogout
15:07:24 INFO  com.saucedemo.base.BasePage - Login: standard_user
15:07:25 INFO  com.saucedemo.listeners.TestListener - >> PASS   testLogout
]]></system-out>
    <system-err><![CDATA[juil. 18, 2026 3:07:23 P.M. org.openqa.selenium.devtools.CdpVersionFinder findNearestMatch
AVERTISSEMENT: Unable to find CDP implementation matching 150
juil. 18, 2026 3:07:23 P.M. org.openqa.selenium.chromium.ChromiumDriver lambda$new$5
AVERTISSEMENT: Unable to find version of CDP to use for 150.0.7871.128. You may need to include a dependency on a specific version of the CDP using something similar to `org.seleniumhq.selenium:selenium-devtools-v86:4.18.1` where the version ("v86") matches the version of the chromium-based browser you're using and the version number of the artifact is the same as Selenium's.
]]></system-err>
  </testcase>
  <testcase name="testValidLogin" classname="com.saucedemo.tests.LoginTest" time="0.232">
    <system-out><![CDATA[15:07:25 INFO  com.saucedemo.utils.DriverManager - Driver ferme.
15:07:25 INFO  com.saucedemo.tests.BaseTest - ===== START: testValidLogin =====
15:07:25 INFO  com.saucedemo.utils.DriverManager - Driver chrome pret (headless=false).
15:07:25 INFO  com.saucedemo.base.BasePage - goto https://www.saucedemo.com
15:07:26 INFO  com.saucedemo.listeners.TestListener - >> START  testValidLogin
15:07:26 INFO  com.saucedemo.base.BasePage - Login: standard_user
15:07:26 INFO  com.saucedemo.listeners.TestListener - >> PASS   testValidLogin
]]></system-out>
    <system-err><![CDATA[juil. 18, 2026 3:07:25 P.M. org.openqa.selenium.devtools.CdpVersionFinder findNearestMatch
AVERTISSEMENT: Unable to find CDP implementation matching 150
juil. 18, 2026 3:07:25 P.M. org.openqa.selenium.chromium.ChromiumDriver lambda$new$5
AVERTISSEMENT: Unable to find version of CDP to use for 150.0.7871.128. You may need to include a dependency on a specific version of the CDP using something similar to `org.seleniumhq.selenium:selenium-devtools-v86:4.18.1` where the version ("v86") matches the version of the chromium-based browser you're using and the version number of the artifact is the same as Selenium's.
]]></system-err>
  </testcase>
  <testcase name="testAddOneProduct" classname="com.saucedemo.tests.InventoryTest" time="0.35">
    <system-out><![CDATA[15:07:26 INFO  com.saucedemo.utils.DriverManager - Driver ferme.
15:07:26 INFO  com.saucedemo.tests.BaseTest - ===== START: testAddOneProduct =====
15:07:26 INFO  com.saucedemo.utils.DriverManager - Driver chrome pret (headless=false).
15:07:26 INFO  com.saucedemo.base.BasePage - goto https://www.saucedemo.com
15:07:27 INFO  com.saucedemo.listeners.TestListener - >> START  testAddOneProduct
15:07:27 INFO  com.saucedemo.base.BasePage - Login: standard_user
15:07:27 INFO  com.saucedemo.base.BasePage - Produit 1 ajouté.
15:07:27 INFO  com.saucedemo.listeners.TestListener - >> PASS   testAddOneProduct
]]></system-out>
    <system-err><![CDATA[juil. 18, 2026 3:07:26 P.M. org.openqa.selenium.devtools.CdpVersionFinder findNearestMatch
AVERTISSEMENT: Unable to find CDP implementation matching 150
juil. 18, 2026 3:07:26 P.M. org.openqa.selenium.chromium.ChromiumDriver lambda$new$5
AVERTISSEMENT: Unable to find version of CDP to use for 150.0.7871.128. You may need to include a dependency on a specific version of the CDP using something similar to `org.seleniumhq.selenium:selenium-devtools-v86:4.18.1` where the version ("v86") matches the version of the chromium-based browser you're using and the version number of the artifact is the same as Selenium's.
]]></system-err>
  </testcase>
  <testcase name="testAddThreeProducts" classname="com.saucedemo.tests.InventoryTest" time="0.338">
    <system-out><![CDATA[15:07:27 INFO  com.saucedemo.utils.DriverManager - Driver ferme.
15:07:27 INFO  com.saucedemo.tests.BaseTest - ===== START: testAddThreeProducts =====
15:07:28 INFO  com.saucedemo.utils.DriverManager - Driver chrome pret (headless=false).
15:07:28 INFO  com.saucedemo.base.BasePage - goto https://www.saucedemo.com
15:07:28 INFO  com.saucedemo.listeners.TestListener - >> START  testAddThreeProducts
15:07:28 INFO  com.saucedemo.base.BasePage - Login: standard_user
15:07:28 INFO  com.saucedemo.listeners.TestListener - >> PASS   testAddThreeProducts
]]></system-out>
    <system-err><![CDATA[juil. 18, 2026 3:07:28 P.M. org.openqa.selenium.devtools.CdpVersionFinder findNearestMatch
AVERTISSEMENT: Unable to find CDP implementation matching 150
juil. 18, 2026 3:07:28 P.M. org.openqa.selenium.chromium.ChromiumDriver lambda$new$5
AVERTISSEMENT: Unable to find version of CDP to use for 150.0.7871.128. You may need to include a dependency on a specific version of the CDP using something similar to `org.seleniumhq.selenium:selenium-devtools-v86:4.18.1` where the version ("v86") matches the version of the chromium-based browser you're using and the version number of the artifact is the same as Selenium's.
]]></system-err>
  </testcase>
  <testcase name="testProductCount" classname="com.saucedemo.tests.InventoryTest" time="0.247">
    <system-out><![CDATA[15:07:28 INFO  com.saucedemo.utils.DriverManager - Driver ferme.
15:07:28 INFO  com.saucedemo.tests.BaseTest - ===== START: testProductCount =====
15:07:29 INFO  com.saucedemo.utils.DriverManager - Driver chrome pret (headless=false).
15:07:29 INFO  com.saucedemo.base.BasePage - goto https://www.saucedemo.com
15:07:29 INFO  com.saucedemo.listeners.TestListener - >> START  testProductCount
15:07:29 INFO  com.saucedemo.base.BasePage - Login: standard_user
15:07:29 INFO  com.saucedemo.listeners.TestListener - >> PASS   testProductCount
]]></system-out>
    <system-err><![CDATA[juil. 18, 2026 3:07:29 P.M. org.openqa.selenium.devtools.CdpVersionFinder findNearestMatch
AVERTISSEMENT: Unable to find CDP implementation matching 150
juil. 18, 2026 3:07:29 P.M. org.openqa.selenium.chromium.ChromiumDriver lambda$new$5
AVERTISSEMENT: Unable to find version of CDP to use for 150.0.7871.128. You may need to include a dependency on a specific version of the CDP using something similar to `org.seleniumhq.selenium:selenium-devtools-v86:4.18.1` where the version ("v86") matches the version of the chromium-based browser you're using and the version number of the artifact is the same as Selenium's.
]]></system-err>
  </testcase>
  <testcase name="testSortNameDesc" classname="com.saucedemo.tests.InventoryTest" time="0.29">
    <system-out><![CDATA[15:07:29 INFO  com.saucedemo.utils.DriverManager - Driver ferme.
15:07:29 INFO  com.saucedemo.tests.BaseTest - ===== START: testSortNameDesc =====
15:07:30 INFO  com.saucedemo.utils.DriverManager - Driver chrome pret (headless=false).
15:07:30 INFO  com.saucedemo.base.BasePage - goto https://www.saucedemo.com
15:07:30 INFO  com.saucedemo.listeners.TestListener - >> START  testSortNameDesc
15:07:30 INFO  com.saucedemo.base.BasePage - Login: standard_user
15:07:31 INFO  com.saucedemo.listeners.TestListener - >> PASS   testSortNameDesc
]]></system-out>
    <system-err><![CDATA[juil. 18, 2026 3:07:30 P.M. org.openqa.selenium.devtools.CdpVersionFinder findNearestMatch
AVERTISSEMENT: Unable to find CDP implementation matching 150
juil. 18, 2026 3:07:30 P.M. org.openqa.selenium.chromium.ChromiumDriver lambda$new$5
AVERTISSEMENT: Unable to find version of CDP to use for 150.0.7871.128. You may need to include a dependency on a specific version of the CDP using something similar to `org.seleniumhq.selenium:selenium-devtools-v86:4.18.1` where the version ("v86") matches the version of the chromium-based browser you're using and the version number of the artifact is the same as Selenium's.
]]></system-err>
  </testcase>
  <testcase name="testSortPriceAsc" classname="com.saucedemo.tests.InventoryTest" time="0.277">
    <system-out><![CDATA[15:07:31 INFO  com.saucedemo.utils.DriverManager - Driver ferme.
15:07:31 INFO  com.saucedemo.tests.BaseTest - ===== START: testSortPriceAsc =====
15:07:31 INFO  com.saucedemo.utils.DriverManager - Driver chrome pret (headless=false).
15:07:31 INFO  com.saucedemo.base.BasePage - goto https://www.saucedemo.com
15:07:32 INFO  com.saucedemo.listeners.TestListener - >> START  testSortPriceAsc
15:07:32 INFO  com.saucedemo.base.BasePage - Login: standard_user
15:07:32 INFO  com.saucedemo.listeners.TestListener - >> PASS   testSortPriceAsc
]]></system-out>
    <system-err><![CDATA[juil. 18, 2026 3:07:31 P.M. org.openqa.selenium.devtools.CdpVersionFinder findNearestMatch
AVERTISSEMENT: Unable to find CDP implementation matching 150
juil. 18, 2026 3:07:31 P.M. org.openqa.selenium.chromium.ChromiumDriver lambda$new$5
AVERTISSEMENT: Unable to find version of CDP to use for 150.0.7871.128. You may need to include a dependency on a specific version of the CDP using something similar to `org.seleniumhq.selenium:selenium-devtools-v86:4.18.1` where the version ("v86") matches the version of the chromium-based browser you're using and the version number of the artifact is the same as Selenium's.
]]></system-err>
  </testcase>
  <testcase name="testContinueShopping" classname="com.saucedemo.tests.CartTest" time="0.341">
    <system-out><![CDATA[15:07:32 INFO  com.saucedemo.utils.DriverManager - Driver ferme.
15:07:32 INFO  com.saucedemo.tests.BaseTest - ===== START: testContinueShopping =====
15:07:32 INFO  com.saucedemo.utils.DriverManager - Driver chrome pret (headless=false).
15:07:32 INFO  com.saucedemo.base.BasePage - goto https://www.saucedemo.com
15:07:33 INFO  com.saucedemo.listeners.TestListener - >> START  testContinueShopping
15:07:33 INFO  com.saucedemo.base.BasePage - Login: standard_user
15:07:33 INFO  com.saucedemo.listeners.TestListener - >> PASS   testContinueShopping
]]></system-out>
    <system-err><![CDATA[juil. 18, 2026 3:07:32 P.M. org.openqa.selenium.devtools.CdpVersionFinder findNearestMatch
AVERTISSEMENT: Unable to find CDP implementation matching 150
juil. 18, 2026 3:07:32 P.M. org.openqa.selenium.chromium.ChromiumDriver lambda$new$5
AVERTISSEMENT: Unable to find version of CDP to use for 150.0.7871.128. You may need to include a dependency on a specific version of the CDP using something similar to `org.seleniumhq.selenium:selenium-devtools-v86:4.18.1` where the version ("v86") matches the version of the chromium-based browser you're using and the version number of the artifact is the same as Selenium's.
]]></system-err>
  </testcase>
  <testcase name="testEmptyCart" classname="com.saucedemo.tests.CartTest" time="0.266">
    <system-out><![CDATA[15:07:33 INFO  com.saucedemo.utils.DriverManager - Driver ferme.
15:07:33 INFO  com.saucedemo.tests.BaseTest - ===== START: testEmptyCart =====
15:07:34 INFO  com.saucedemo.utils.DriverManager - Driver chrome pret (headless=false).
15:07:34 INFO  com.saucedemo.base.BasePage - goto https://www.saucedemo.com
15:07:34 INFO  com.saucedemo.listeners.TestListener - >> START  testEmptyCart
15:07:34 INFO  com.saucedemo.base.BasePage - Login: standard_user
15:07:34 INFO  com.saucedemo.listeners.TestListener - >> PASS   testEmptyCart
]]></system-out>
    <system-err><![CDATA[juil. 18, 2026 3:07:34 P.M. org.openqa.selenium.devtools.CdpVersionFinder findNearestMatch
AVERTISSEMENT: Unable to find CDP implementation matching 150
juil. 18, 2026 3:07:34 P.M. org.openqa.selenium.chromium.ChromiumDriver lambda$new$5
AVERTISSEMENT: Unable to find version of CDP to use for 150.0.7871.128. You may need to include a dependency on a specific version of the CDP using something similar to `org.seleniumhq.selenium:selenium-devtools-v86:4.18.1` where the version ("v86") matches the version of the chromium-based browser you're using and the version number of the artifact is the same as Selenium's.
]]></system-err>
  </testcase>
  <testcase name="testProductInCart" classname="com.saucedemo.tests.CartTest" time="0.292">
    <system-out><![CDATA[15:07:34 INFO  com.saucedemo.utils.DriverManager - Driver ferme.
15:07:34 INFO  com.saucedemo.tests.BaseTest - ===== START: testProductInCart =====
15:07:35 INFO  com.saucedemo.utils.DriverManager - Driver chrome pret (headless=false).
15:07:35 INFO  com.saucedemo.base.BasePage - goto https://www.saucedemo.com
15:07:35 INFO  com.saucedemo.listeners.TestListener - >> START  testProductInCart
15:07:35 INFO  com.saucedemo.base.BasePage - Login: standard_user
15:07:35 INFO  com.saucedemo.base.BasePage - Produit 1 ajouté.
15:07:35 INFO  com.saucedemo.listeners.TestListener - >> PASS   testProductInCart
]]></system-out>
    <system-err><![CDATA[juil. 18, 2026 3:07:35 P.M. org.openqa.selenium.devtools.CdpVersionFinder findNearestMatch
AVERTISSEMENT: Unable to find CDP implementation matching 150
juil. 18, 2026 3:07:35 P.M. org.openqa.selenium.chromium.ChromiumDriver lambda$new$5
AVERTISSEMENT: Unable to find version of CDP to use for 150.0.7871.128. You may need to include a dependency on a specific version of the CDP using something similar to `org.seleniumhq.selenium:selenium-devtools-v86:4.18.1` where the version ("v86") matches the version of the chromium-based browser you're using and the version number of the artifact is the same as Selenium's.
]]></system-err>
  </testcase>
  <testcase name="testRemoveItem" classname="com.saucedemo.tests.CartTest" time="0.293">
    <system-out><![CDATA[15:07:36 INFO  com.saucedemo.utils.DriverManager - Driver ferme.
15:07:36 INFO  com.saucedemo.tests.BaseTest - ===== START: testRemoveItem =====
15:07:36 INFO  com.saucedemo.utils.DriverManager - Driver chrome pret (headless=false).
15:07:36 INFO  com.saucedemo.base.BasePage - goto https://www.saucedemo.com
15:07:36 INFO  com.saucedemo.listeners.TestListener - >> START  testRemoveItem
15:07:36 INFO  com.saucedemo.base.BasePage - Login: standard_user
15:07:37 INFO  com.saucedemo.base.BasePage - Produit 1 ajouté.
15:07:37 INFO  com.saucedemo.listeners.TestListener - >> PASS   testRemoveItem
]]></system-out>
    <system-err><![CDATA[juil. 18, 2026 3:07:36 P.M. org.openqa.selenium.devtools.CdpVersionFinder findNearestMatch
AVERTISSEMENT: Unable to find CDP implementation matching 150
juil. 18, 2026 3:07:36 P.M. org.openqa.selenium.chromium.ChromiumDriver lambda$new$5
AVERTISSEMENT: Unable to find version of CDP to use for 150.0.7871.128. You may need to include a dependency on a specific version of the CDP using something similar to `org.seleniumhq.selenium:selenium-devtools-v86:4.18.1` where the version ("v86") matches the version of the chromium-based browser you're using and the version number of the artifact is the same as Selenium's.
]]></system-err>
  </testcase>
  <testcase name="testCancelCheckout" classname="com.saucedemo.tests.CheckoutTest" time="0.442">
    <system-out><![CDATA[15:07:37 INFO  com.saucedemo.utils.DriverManager - Driver ferme.
15:07:37 INFO  com.saucedemo.tests.BaseTest - ===== START: testCancelCheckout =====
15:07:37 INFO  com.saucedemo.utils.DriverManager - Driver chrome pret (headless=false).
15:07:37 INFO  com.saucedemo.base.BasePage - goto https://www.saucedemo.com
15:07:38 INFO  com.saucedemo.listeners.TestListener - >> START  testCancelCheckout
15:07:38 INFO  com.saucedemo.base.BasePage - Login: standard_user
15:07:38 INFO  com.saucedemo.base.BasePage - Produit 1 ajouté.
15:07:38 INFO  com.saucedemo.listeners.TestListener - >> PASS   testCancelCheckout
]]></system-out>
    <system-err><![CDATA[juil. 18, 2026 3:07:37 P.M. org.openqa.selenium.devtools.CdpVersionFinder findNearestMatch
AVERTISSEMENT: Unable to find CDP implementation matching 150
juil. 18, 2026 3:07:37 P.M. org.openqa.selenium.chromium.ChromiumDriver lambda$new$5
AVERTISSEMENT: Unable to find version of CDP to use for 150.0.7871.128. You may need to include a dependency on a specific version of the CDP using something similar to `org.seleniumhq.selenium:selenium-devtools-v86:4.18.1` where the version ("v86") matches the version of the chromium-based browser you're using and the version number of the artifact is the same as Selenium's.
]]></system-err>
  </testcase>
  <testcase name="testCompleteCheckout" classname="com.saucedemo.tests.CheckoutTest" time="0.524">
    <system-out><![CDATA[15:07:38 INFO  com.saucedemo.utils.DriverManager - Driver ferme.
15:07:38 INFO  com.saucedemo.tests.BaseTest - ===== START: testCompleteCheckout =====
15:07:39 INFO  com.saucedemo.utils.DriverManager - Driver chrome pret (headless=false).
15:07:39 INFO  com.saucedemo.base.BasePage - goto https://www.saucedemo.com
15:07:39 INFO  com.saucedemo.listeners.TestListener - >> START  testCompleteCheckout
15:07:39 INFO  com.saucedemo.base.BasePage - Login: standard_user
15:07:39 INFO  com.saucedemo.base.BasePage - Produit 1 ajouté.
15:07:39 INFO  com.saucedemo.base.BasePage - Fill info: Rachid Chaouky
15:07:39 INFO  com.saucedemo.listeners.TestListener - >> PASS   testCompleteCheckout
]]></system-out>
    <system-err><![CDATA[juil. 18, 2026 3:07:39 P.M. org.openqa.selenium.devtools.CdpVersionFinder findNearestMatch
AVERTISSEMENT: Unable to find CDP implementation matching 150
juil. 18, 2026 3:07:39 P.M. org.openqa.selenium.chromium.ChromiumDriver lambda$new$5
AVERTISSEMENT: Unable to find version of CDP to use for 150.0.7871.128. You may need to include a dependency on a specific version of the CDP using something similar to `org.seleniumhq.selenium:selenium-devtools-v86:4.18.1` where the version ("v86") matches the version of the chromium-based browser you're using and the version number of the artifact is the same as Selenium's.
]]></system-err>
  </testcase>
  <testcase name="testMissingFirstName" classname="com.saucedemo.tests.CheckoutTest" time="0.454">
    <system-out><![CDATA[15:07:40 INFO  com.saucedemo.utils.DriverManager - Driver ferme.
15:07:40 INFO  com.saucedemo.tests.BaseTest - ===== START: testMissingFirstName =====
15:07:40 INFO  com.saucedemo.utils.DriverManager - Driver chrome pret (headless=false).
15:07:40 INFO  com.saucedemo.base.BasePage - goto https://www.saucedemo.com
15:07:40 INFO  com.saucedemo.listeners.TestListener - >> START  testMissingFirstName
15:07:40 INFO  com.saucedemo.base.BasePage - Login: standard_user
15:07:41 INFO  com.saucedemo.base.BasePage - Produit 1 ajouté.
15:07:41 INFO  com.saucedemo.base.BasePage - Fill info:  Chaouky
15:07:41 INFO  com.saucedemo.listeners.TestListener - >> PASS   testMissingFirstName
]]></system-out>
    <system-err><![CDATA[juil. 18, 2026 3:07:40 P.M. org.openqa.selenium.devtools.CdpVersionFinder findNearestMatch
AVERTISSEMENT: Unable to find CDP implementation matching 150
juil. 18, 2026 3:07:40 P.M. org.openqa.selenium.chromium.ChromiumDriver lambda$new$5
AVERTISSEMENT: Unable to find version of CDP to use for 150.0.7871.128. You may need to include a dependency on a specific version of the CDP using something similar to `org.seleniumhq.selenium:selenium-devtools-v86:4.18.1` where the version ("v86") matches the version of the chromium-based browser you're using and the version number of the artifact is the same as Selenium's.
]]></system-err>
  </testcase>
  <testcase name="testOrderSummary" classname="com.saucedemo.tests.CheckoutTest" time="0.495">
    <system-out><![CDATA[15:07:41 INFO  com.saucedemo.utils.DriverManager - Driver ferme.
15:07:41 INFO  com.saucedemo.tests.BaseTest - ===== START: testOrderSummary =====
15:07:41 INFO  com.saucedemo.utils.DriverManager - Driver chrome pret (headless=false).
15:07:41 INFO  com.saucedemo.base.BasePage - goto https://www.saucedemo.com
15:07:42 INFO  com.saucedemo.listeners.TestListener - >> START  testOrderSummary
15:07:42 INFO  com.saucedemo.base.BasePage - Login: standard_user
15:07:42 INFO  com.saucedemo.base.BasePage - Produit 1 ajouté.
15:07:42 INFO  com.saucedemo.base.BasePage - Fill info: Rachid Chaouky
15:07:42 INFO  com.saucedemo.listeners.TestListener - >> PASS   testOrderSummary
]]></system-out>
    <system-err><![CDATA[juil. 18, 2026 3:07:41 P.M. org.openqa.selenium.devtools.CdpVersionFinder findNearestMatch
AVERTISSEMENT: Unable to find CDP implementation matching 150
juil. 18, 2026 3:07:41 P.M. org.openqa.selenium.chromium.ChromiumDriver lambda$new$5
AVERTISSEMENT: Unable to find version of CDP to use for 150.0.7871.128. You may need to include a dependency on a specific version of the CDP using something similar to `org.seleniumhq.selenium:selenium-devtools-v86:4.18.1` where the version ("v86") matches the version of the chromium-based browser you're using and the version number of the artifact is the same as Selenium's.
]]></system-err>
  </testcase>
</testsuite>