<?xml version="1.0" encoding="UTF-8"?>
<!-- Generated by org.testng.reporters.JUnitReportReporter -->
<testsuite hostname="Ordinateur-portable-de-MARKETING.local" failures="0" tests="4" name="com.saucedemo.tests.CartTest" time="4.764" errors="0" timestamp="2026-07-18T15:07:42 UTC+01:00" skipped="0">
  <testcase classname="com.saucedemo.tests.CartTest" name="testProductInCart" time="1.240"/>
  <testcase classname="com.saucedemo.tests.CartTest" name="testRemoveItem" time="1.160"/>
  <testcase classname="com.saucedemo.tests.CartTest" name="testContinueShopping" time="1.196"/>
  <testcase classname="com.saucedemo.tests.CartTest" name="testEmptyCart" time="1.168"/>
</testsuite> <!-- com.saucedemo.tests.CartTest -->
