<?xml version="1.0" encoding="UTF-8"?>
<!-- Generated by org.testng.reporters.JUnitReportReporter -->
<testsuite hostname="Ordinateur-portable-de-MARKETING.local" failures="0" tests="5" name="com.saucedemo.tests.InventoryTest" time="6.042" errors="0" timestamp="2026-07-18T15:07:42 UTC+01:00" skipped="0">
  <testcase classname="com.saucedemo.tests.InventoryTest" name="testSortPriceAsc" time="1.289"/>
  <testcase classname="com.saucedemo.tests.InventoryTest" name="testAddThreeProducts" time="1.243"/>
  <testcase classname="com.saucedemo.tests.InventoryTest" name="testAddOneProduct" time="1.200"/>
  <testcase classname="com.saucedemo.tests.InventoryTest" name="testProductCount" time="1.135"/>
  <testcase classname="com.saucedemo.tests.InventoryTest" name="testSortNameDesc" time="1.175"/>
</testsuite> <!-- com.saucedemo.tests.InventoryTest -->
