<?xml version="1.0" encoding="UTF-8"?>
<!-- Generated by org.testng.reporters.JUnitReportReporter -->
<testsuite hostname="Ordinateur-portable-de-MARKETING.local" failures="0" tests="4" name="com.saucedemo.tests.CheckoutTest" time="5.609" errors="0" timestamp="2026-07-18T15:07:42 UTC+01:00" skipped="0">
  <testcase classname="com.saucedemo.tests.CheckoutTest" name="testMissingFirstName" time="1.369"/>
  <testcase classname="com.saucedemo.tests.CheckoutTest" name="testCancelCheckout" time="1.409"/>
  <testcase classname="com.saucedemo.tests.CheckoutTest" name="testCompleteCheckout" time="1.430"/>
  <testcase classname="com.saucedemo.tests.CheckoutTest" name="testOrderSummary" time="1.401"/>
</testsuite> <!-- com.saucedemo.tests.CheckoutTest -->
