<?xml version="1.0" encoding="UTF-8"?>
<!-- Generated by org.testng.reporters.JUnitReportReporter -->
<testsuite hostname="Ordinateur-portable-de-MARKETING.local" failures="0" tests="5" name="com.saucedemo.tests.LoginTest" time="7.162" errors="0" timestamp="2026-07-18T15:07:42 UTC+01:00" skipped="0">
  <testcase classname="com.saucedemo.tests.LoginTest" name="testValidLogin" time="1.126"/>
  <testcase classname="com.saucedemo.tests.LoginTest" name="testLogout" time="1.830"/>
  <testcase classname="com.saucedemo.tests.LoginTest" name="testLockedOutUser" time="1.945"/>
  <testcase classname="com.saucedemo.tests.LoginTest" name="testEmptyCredentials" time="1.144"/>
  <testcase classname="com.saucedemo.tests.LoginTest" name="testInvalidPassword" time="1.117"/>
</testsuite> <!-- com.saucedemo.tests.LoginTest -->
